<?xml version="1.0" encoding="UTF-8"?>
<testng-results ignored="0" total="5" passed="4" failed="1" skipped="0">
  <reporter-output>
  </reporter-output>
  <suite started-at="2025-09-24T21:16:42 IDT" name="UI API Tests Suite" finished-at="2025-09-24T21:17:07 IDT" duration-ms="24382">
    <groups>
    </groups>
    <test started-at="2025-09-24T21:16:42 IDT" name="UI API Tests" finished-at="2025-09-24T21:17:07 IDT" duration-ms="24382">
      <class name="tests.UITests">
        <test-method is-config="true" signature="setup()[pri:0, instance:tests.UITests@59505b48]" started-at="2025-09-24T21:16:42 IDT" name="setup" finished-at="2025-09-24T21:16:45 IDT" duration-ms="3205" status="PASS">
          <reporter-output>
          </reporter-output>
        </test-method> <!-- setup -->
        <test-method signature="testCreatePublisherAndPostUI()[pri:0, instance:tests.UITests@59505b48]" started-at="2025-09-24T21:16:45 IDT" name="testCreatePublisherAndPostUI" finished-at="2025-09-24T21:17:02 IDT" duration-ms="16740" status="FAIL">
          <exception class="org.openqa.selenium.TimeoutException">
            <message>
              <![CDATA[Expected condition failed: waiting for pages.BasePage$$Lambda$640/0x00000008003b7c40@64dfb31d (tried for 15 second(s) with 500 milliseconds interval)
Build info: version: '4.16.0', revision: '15400459dd*'
System info: os.name: 'Windows 11', os.arch: 'amd64', os.version: '10.0', java.version: '11.0.27'
Driver info: driver.version: unknown]]>
            </message>
            <full-stacktrace>
              <![CDATA[org.openqa.selenium.TimeoutException: Expected condition failed: waiting for pages.BasePage$$Lambda$640/0x00000008003b7c40@64dfb31d (tried for 15 second(s) with 500 milliseconds interval)
Build info: version: '4.16.0', revision: '15400459dd*'
System info: os.name: 'Windows 11', os.arch: 'amd64', os.version: '10.0', java.version: '11.0.27'
Driver info: driver.version: unknown
at org.openqa.selenium.support.ui.FluentWait.timeoutException(FluentWait.java:261)
at org.openqa.selenium.support.ui.FluentWait.until(FluentWait.java:229)
at pages.BasePage.doAction(BasePage.java:34)
at pages.BasePage.click(BasePage.java:43)
at pages.PublisherPage.createPublisher(PublisherPage.java:38)
at tests.UITests.testCreatePublisherAndPostUI(UITests.java:30)
at java.base/jdk.internal.reflect.NativeMethodAccessorImpl.invoke0(Native Method)
at java.base/jdk.internal.reflect.NativeMethodAccessorImpl.invoke(NativeMethodAccessorImpl.java:62)
at java.base/jdk.internal.reflect.DelegatingMethodAccessorImpl.invoke(DelegatingMethodAccessorImpl.java:43)
at java.base/java.lang.reflect.Method.invoke(Method.java:566)
at org.testng.internal.invokers.MethodInvocationHelper.invokeMethod(MethodInvocationHelper.java:139)
at org.testng.internal.invokers.TestInvoker.invokeMethod(TestInvoker.java:664)
at org.testng.internal.invokers.TestInvoker.invokeTestMethod(TestInvoker.java:227)
at org.testng.internal.invokers.MethodRunner.runInSequence(MethodRunner.java:50)
at org.testng.internal.invokers.TestInvoker$MethodInvocationAgent.invoke(TestInvoker.java:957)
at org.testng.internal.invokers.TestInvoker.invokeTestMethods(TestInvoker.java:200)
at org.testng.internal.invokers.TestMethodWorker.invokeTestMethods(TestMethodWorker.java:148)
at org.testng.internal.invokers.TestMethodWorker.run(TestMethodWorker.java:128)
at java.base/java.util.ArrayList.forEach(ArrayList.java:1541)
at org.testng.TestRunner.privateRun(TestRunner.java:848)
at org.testng.TestRunner.run(TestRunner.java:621)
at org.testng.SuiteRunner.runTest(SuiteRunner.java:443)
at org.testng.SuiteRunner.runSequentially(SuiteRunner.java:437)
at org.testng.SuiteRunner.privateRun(SuiteRunner.java:397)
at org.testng.SuiteRunner.run(SuiteRunner.java:336)
at org.testng.SuiteRunnerWorker.runSuite(SuiteRunnerWorker.java:52)
at org.testng.SuiteRunnerWorker.run(SuiteRunnerWorker.java:95)
at org.testng.TestNG.runSuitesSequentially(TestNG.java:1280)
at org.testng.TestNG.runSuitesLocally(TestNG.java:1200)
at org.testng.TestNG.runSuites(TestNG.java:1114)
at org.testng.TestNG.run(TestNG.java:1082)
at org.apache.maven.surefire.testng.TestNGExecutor.run(TestNGExecutor.java:308)
at org.apache.maven.surefire.testng.TestNGXmlTestSuite.execute(TestNGXmlTestSuite.java:71)
at org.apache.maven.surefire.testng.TestNGProvider.invoke(TestNGProvider.java:113)
at org.apache.maven.surefire.booter.ForkedBooter.runSuitesInProcess(ForkedBooter.java:385)
at org.apache.maven.surefire.booter.ForkedBooter.execute(ForkedBooter.java:162)
at org.apache.maven.surefire.booter.ForkedBooter.run(ForkedBooter.java:507)
at org.apache.maven.surefire.booter.ForkedBooter.main(ForkedBooter.java:495)
]]>
            </full-stacktrace>
          </exception> <!-- org.openqa.selenium.TimeoutException -->
          <reporter-output>
          </reporter-output>
        </test-method> <!-- testCreatePublisherAndPostUI -->
        <test-method is-config="true" signature="tearDown()[pri:0, instance:tests.UITests@59505b48]" started-at="2025-09-24T21:17:02 IDT" name="tearDown" finished-at="2025-09-24T21:17:03 IDT" duration-ms="329" status="PASS">
          <reporter-output>
          </reporter-output>
        </test-method> <!-- tearDown -->
      </class> <!-- tests.UITests -->
      <class name="tests.ApiTests">
        <test-method is-config="true" signature="login()[pri:0, instance:tests.ApiTests@54db056b]" started-at="2025-09-24T21:17:03 IDT" name="login" finished-at="2025-09-24T21:17:05 IDT" duration-ms="2569" status="PASS">
          <reporter-output>
          </reporter-output>
        </test-method> <!-- login -->
        <test-method signature="createPublisher()[pri:1, instance:tests.ApiTests@54db056b]" started-at="2025-09-24T21:17:05 IDT" name="createPublisher" finished-at="2025-09-24T21:17:06 IDT" duration-ms="1261" status="PASS">
          <reporter-output>
          </reporter-output>
        </test-method> <!-- createPublisher -->
        <test-method signature="createPost()[pri:2, instance:tests.ApiTests@54db056b]" started-at="2025-09-24T21:17:06 IDT" name="createPost" finished-at="2025-09-24T21:17:06 IDT" duration-ms="95" status="PASS">
          <reporter-output>
          </reporter-output>
        </test-method> <!-- createPost -->
        <test-method signature="removePost()[pri:4, instance:tests.ApiTests@54db056b]" started-at="2025-09-24T21:17:06 IDT" name="removePost" finished-at="2025-09-24T21:17:07 IDT" duration-ms="51" status="PASS">
          <reporter-output>
          </reporter-output>
        </test-method> <!-- removePost -->
        <test-method signature="validatePostStatus()[pri:5, instance:tests.ApiTests@54db056b]" started-at="2025-09-24T21:17:07 IDT" name="validatePostStatus" finished-at="2025-09-24T21:17:07 IDT" duration-ms="83" status="PASS">
          <reporter-output>
          </reporter-output>
        </test-method> <!-- validatePostStatus -->
      </class> <!-- tests.ApiTests -->
    </test> <!-- UI API Tests -->
  </suite> <!-- UI API Tests Suite -->
</testng-results>
