<?xml version="1.0" encoding="UTF-8"?>
<testsuite xmlns:xsi="http://www.w3.org/2001/XMLSchema-instance" xsi:noNamespaceSchemaLocation="https://maven.apache.org/surefire/maven-surefire-plugin/xsd/surefire-test-report-3.0.xsd" version="3.0" name="TestSuite" time="25.319" tests="5" errors="0" skipped="0" failures="1">
  <properties>
[...]
</properties>
  <testcase name="testCreatePublisherAndPostUI" classname="tests.UITests" time="16.742">
    <failure message="Expected condition failed: waiting for pages.BasePage$$Lambda$640/0x00000008003b7c40@64dfb31d (tried for 15 second(s) with 500 milliseconds interval)&#10;Build info: version: &apos;4.16.0&apos;, revision: &apos;15400459dd*&apos;&#10;System info: os.name: &apos;Windows 11&apos;, os.arch: &apos;amd64&apos;, os.version: &apos;10.0&apos;, java.version: &apos;11.0.27&apos;&#10;Driver info: driver.version: unknown" type="org.openqa.selenium.TimeoutException"><![CDATA[org.openqa.selenium.TimeoutException: 
Expected condition failed: waiting for pages.BasePage$$Lambda$640/0x00000008003b7c40@64dfb31d (tried for 15 second(s) with 500 milliseconds interval)
Build info: version: '4.16.0', revision: '15400459dd*'
System info: os.name: 'Windows 11', os.arch: 'amd64', os.version: '10.0', java.version: '11.0.27'
Driver info: driver.version: unknown
	at org.openqa.selenium.support.ui.FluentWait.timeoutException(FluentWait.java:261)
	at org.openqa.selenium.support.ui.FluentWait.until(FluentWait.java:229)
	at pages.BasePage.doAction(BasePage.java:34)
	at pages.BasePage.click(BasePage.java:43)
	at pages.PublisherPage.createPublisher(PublisherPage.java:38)
	at tests.UITests.testCreatePublisherAndPostUI(UITests.java:30)
	at java.base/jdk.internal.reflect.NativeMethodAccessorImpl.invoke0(Native Method)
	at java.base/jdk.internal.reflect.NativeMethodAccessorImpl.invoke(NativeMethodAccessorImpl.java:62)
	at java.base/jdk.internal.reflect.DelegatingMethodAccessorImpl.invoke(DelegatingMethodAccessorImpl.java:43)
	at java.base/java.lang.reflect.Method.invoke(Method.java:566)
	at org.testng.internal.invokers.MethodInvocationHelper.invokeMethod(MethodInvocationHelper.java:139)
	at org.testng.internal.invokers.TestInvoker.invokeMethod(TestInvoker.java:664)
	at org.testng.internal.invokers.TestInvoker.invokeTestMethod(TestInvoker.java:227)
	at org.testng.internal.invokers.MethodRunner.runInSequence(MethodRunner.java:50)
	at org.testng.internal.invokers.TestInvoker$MethodInvocationAgent.invoke(TestInvoker.java:957)
	at org.testng.internal.invokers.TestInvoker.invokeTestMethods(TestInvoker.java:200)
	at org.testng.internal.invokers.TestMethodWorker.invokeTestMethods(TestMethodWorker.java:148)
	at org.testng.internal.invokers.TestMethodWorker.run(TestMethodWorker.java:128)
	at java.base/java.util.ArrayList.forEach(ArrayList.java:1541)
	at org.testng.TestRunner.privateRun(TestRunner.java:848)
	at org.testng.TestRunner.run(TestRunner.java:621)
	at org.testng.SuiteRunner.runTest(SuiteRunner.java:443)
	at org.testng.SuiteRunner.runSequentially(SuiteRunner.java:437)
	at org.testng.SuiteRunner.privateRun(SuiteRunner.java:397)
	at org.testng.SuiteRunner.run(SuiteRunner.java:336)
	at org.testng.SuiteRunnerWorker.runSuite(SuiteRunnerWorker.java:52)
	at org.testng.SuiteRunnerWorker.run(SuiteRunnerWorker.java:95)
	at org.testng.TestNG.runSuitesSequentially(TestNG.java:1280)
	at org.testng.TestNG.runSuitesLocally(TestNG.java:1200)
	at org.testng.TestNG.runSuites(TestNG.java:1114)
	at org.testng.TestNG.run(TestNG.java:1082)
	at org.apache.maven.surefire.testng.TestNGExecutor.run(TestNGExecutor.java:308)
	at org.apache.maven.surefire.testng.TestNGXmlTestSuite.execute(TestNGXmlTestSuite.java:71)
	at org.apache.maven.surefire.testng.TestNGProvider.invoke(TestNGProvider.java:113)
	at org.apache.maven.surefire.booter.ForkedBooter.runSuitesInProcess(ForkedBooter.java:385)
	at org.apache.maven.surefire.booter.ForkedBooter.execute(ForkedBooter.java:162)
	at org.apache.maven.surefire.booter.ForkedBooter.run(ForkedBooter.java:507)
	at org.apache.maven.surefire.booter.ForkedBooter.main(ForkedBooter.java:495)
]]></failure>
    <system-err><![CDATA[SLF4J: No SLF4J providers were found.
SLF4J: Defaulting to no-operation (NOP) logger implementation
SLF4J: See https://www.slf4j.org/codes.html#noProviders for further details.
Sep 24, 2025 9:16:43 PM org.openqa.selenium.devtools.CdpVersionFinder findNearestMatch
WARNING: Unable to find CDP implementation matching 140
Sep 24, 2025 9:16:43 PM org.openqa.selenium.chromium.ChromiumDriver lambda$new$5
WARNING: Unable to find version of CDP to use for 140.0.7339.128. You may need to include a dependency on a specific version of the CDP using something similar to `org.seleniumhq.selenium:selenium-devtools-v86:4.16.0` where the version ("v86") matches the version of the chromium-based browser you're using and the version number of the artifact is the same as Selenium's.
]]></system-err>
  </testcase>
  <testcase name="createPublisher" classname="tests.ApiTests" time="1.259">
    <system-out><![CDATA[Logged in, adminjs Cookie: s%3A0RmCdAhJ7_saa6CZJeNpe9tq3drY15I6.bAWeNSca7hNNBlCERMy57F4waPPqNwGi5s1WCXe1YY4
Publisher created id : 32
]]></system-out>
  </testcase>
  <testcase name="createPost" classname="tests.ApiTests" time="0.095">
    <system-out><![CDATA[Post created id: 31
]]></system-out>
  </testcase>
  <testcase name="removePost" classname="tests.ApiTests" time="0.054">
    <system-out><![CDATA[Post status changed: {"redirectUrl":"/admin/resources/Post","notice":{"message":"successfullyUpdated","type":"success"},"record":{"params":{"id":31,"createdAt":"2025-09-24T18:17:06.926Z","updatedAt":"2025-09-24T18:17:07.023Z","title":"Froggen","content":"pasha","someJson.0.date":null,"someJson.0.number":3583169,"someJson.0.boolean":false,"status":"REMOVED","published":true,"publisher":32},"populated":{"publisher":{"params":{"id":32,"email":"delmar.torphy@yahoo.com","name":"Test Publisher"},"populated":{},"baseError":null,"errors":{},"id":32,"title":"delmar.torphy@yahoo.com","recordActions":[{"name":"show","actionType":"record","icon":"Monitor","label":"show","resourceId":"Publisher","guard":"","showFilter":false,"showResourceActions":true,"showInDrawer":false,"hideActionHeader":false,"containerWidth":1,"layout":null,"variant":"default","parent":null,"hasHandler":true,"custom":{}},{"name":"edit","actionType":"record","icon":"Edit","label":"edit","resourceId":"Publisher","guard":"","showFilter":false,"showResourceActions":true,"showInDrawer":false,"hideActionHeader":false,"containerWidth":1,"layout":null,"variant":"default","parent":null,"hasHandler":true,"custom":{}},{"name":"delete","actionType":"record","icon":"Trash2","label":"delete","resourceId":"Publisher","guard":"confirmDelete","showFilter":false,"showResourceActions":true,"component":false,"showInDrawer":false,"hideActionHeader":false,"containerWidth":1,"layout":null,"variant":"danger","parent":null,"hasHandler":true,"custom":{}}],"bulkActions":[{"name":"bulkDelete","actionType":"bulk","icon":"Trash2","label":"bulkDelete","resourceId":"Publisher","guard":"","showFilter":false,"showResourceActions":true,"showInDrawer":true,"hideActionHeader":false,"containerWidth":"500px","layout":null,"variant":"danger","parent":null,"hasHandler":true,"custom":{}}]}},"baseError":null,"errors":{},"id":31,"title":"Froggen","recordActions":[{"name":"show","actionType":"record","icon":"Monitor","label":"show","resourceId":"Post","guard":"","showFilter":false,"showResourceActions":true,"showInDrawer":false,"hideActionHeader":false,"containerWidth":1,"layout":null,"variant":"default","parent":null,"hasHandler":true,"custom":{}},{"name":"edit","actionType":"record","icon":"Edit","label":"edit","resourceId":"Post","guard":"","showFilter":false,"showResourceActions":true,"showInDrawer":false,"hideActionHeader":false,"containerWidth":1,"layout":null,"variant":"default","parent":null,"hasHandler":true,"custom":{}},{"name":"delete","actionType":"record","icon":"Trash2","label":"delete","resourceId":"Post","guard":"confirmDelete","showFilter":false,"showResourceActions":true,"component":false,"showInDrawer":false,"hideActionHeader":false,"containerWidth":1,"layout":null,"variant":"danger","parent":null,"hasHandler":true,"custom":{}}],"bulkActions":[{"name":"bulkDelete","actionType":"bulk","icon":"Trash2","label":"bulkDelete","resourceId":"Post","guard":"","showFilter":false,"showResourceActions":true,"showInDrawer":true,"hideActionHeader":false,"containerWidth":"500px","layout":null,"variant":"danger","parent":null,"hasHandler":true,"custom":{}}]}}
]]></system-out>
  </testcase>
  <testcase name="validatePostStatus" classname="tests.ApiTests" time="0.081">
    <system-out><![CDATA[Post current status: REMOVED
]]></system-out>
  </testcase>
</testsuite>