<?xml version="1.0" encoding="UTF-8"?>
<testng-results ignored="0" total="1" passed="1" failed="0" skipped="0">
  <reporter-output>
  </reporter-output>
  <suite started-at="2025-09-21T20:41:40 IDT" name="UI Tests Suite" finished-at="2025-09-21T20:42:06 IDT" duration-ms="25197">
    <groups>
    </groups>
    <test started-at="2025-09-21T20:41:40 IDT" name="UI Tests" finished-at="2025-09-21T20:42:06 IDT" duration-ms="25197">
      <class name="tests.UITests">
        <test-method is-config="true" signature="setup()[pri:0, instance:tests.UITests@77888435]" started-at="2025-09-21T20:41:40 IDT" name="setup" finished-at="2025-09-21T20:41:46 IDT" duration-ms="5638" status="PASS">
          <reporter-output>
          </reporter-output>
        </test-method> <!-- setup -->
        <test-method signature="testCreatePublisherAndPostUI()[pri:0, instance:tests.UITests@77888435]" started-at="2025-09-21T20:41:46 IDT" name="testCreatePublisherAndPostUI" finished-at="2025-09-21T20:42:05 IDT" duration-ms="18740" status="PASS">
          <reporter-output>
          </reporter-output>
        </test-method> <!-- testCreatePublisherAndPostUI -->
        <test-method is-config="true" signature="tearDown()[pri:0, instance:tests.UITests@77888435]" started-at="2025-09-21T20:42:05 IDT" name="tearDown" finished-at="2025-09-21T20:42:06 IDT" duration-ms="694" status="PASS">
          <reporter-output>
          </reporter-output>
        </test-method> <!-- tearDown -->
      </class> <!-- tests.UITests -->
    </test> <!-- UI Tests -->
  </suite> <!-- UI Tests Suite -->
</testng-results>
