<?xml version="1.0" encoding="UTF-8"?>
<testsuite xmlns:xsi="http://www.w3.org/2001/XMLSchema-instance" xsi:noNamespaceSchemaLocation="https://maven.apache.org/surefire/maven-surefire-plugin/xsd/surefire-test-report-3.0.xsd" version="3.0" name="TestSuite" time="22.612" tests="5" errors="0" skipped="0" failures="0">
  <properties>
[...]
</properties>
  <testcase name="testCreatePublisherAndPostUI" classname="tests.UITests" time="12.405">
    <system-err><![CDATA[SLF4J: No SLF4J providers were found.
SLF4J: Defaulting to no-operation (NOP) logger implementation
SLF4J: See https://www.slf4j.org/codes.html#noProviders for further details.
Sep 24, 2025 8:55:18 PM org.openqa.selenium.devtools.CdpVersionFinder findNearestMatch
WARNING: Unable to find CDP implementation matching 140
Sep 24, 2025 8:55:18 PM org.openqa.selenium.chromium.ChromiumDriver lambda$new$5
WARNING: Unable to find version of CDP to use for 140.0.7339.128. You may need to include a dependency on a specific version of the CDP using something similar to `org.seleniumhq.selenium:selenium-devtools-v86:4.16.0` where the version ("v86") matches the version of the chromium-based browser you're using and the version number of the artifact is the same as Selenium's.
]]></system-err>
  </testcase>
  <testcase name="createPublisher" classname="tests.ApiTests" time="1.354">
    <system-out><![CDATA[Logged in, adminjs Cookie: s%3AQb69q4qci389lB3Q0Y5bUIvGszxgSVtR.7EgQ5t9VHv38ZnZCnG18yvAiRtZkOLGw4CIzNBHRXus
Publisher created id : 31
]]></system-out>
  </testcase>
  <testcase name="createPost" classname="tests.ApiTests" time="0.094">
    <system-out><![CDATA[Post created id: 30
]]></system-out>
  </testcase>
  <testcase name="removePost" classname="tests.ApiTests" time="0.068">
    <system-out><![CDATA[Post status changed: {"redirectUrl":"/admin/resources/Post","notice":{"message":"successfullyUpdated","type":"success"},"record":{"params":{"id":30,"createdAt":"2025-09-24T17:55:38.126Z","updatedAt":"2025-09-24T17:55:38.215Z","title":"xPeke","content":"Miracle","someJson.0.date":null,"someJson.0.number":1150246,"someJson.0.boolean":false,"status":"REMOVED","published":true,"publisher":31},"populated":{"publisher":{"params":{"id":31,"email":"numbers.dicki@yahoo.com","name":"Test Publisher"},"populated":{},"baseError":null,"errors":{},"id":31,"title":"numbers.dicki@yahoo.com","recordActions":[{"name":"show","actionType":"record","icon":"Monitor","label":"show","resourceId":"Publisher","guard":"","showFilter":false,"showResourceActions":true,"showInDrawer":false,"hideActionHeader":false,"containerWidth":1,"layout":null,"variant":"default","parent":null,"hasHandler":true,"custom":{}},{"name":"edit","actionType":"record","icon":"Edit","label":"edit","resourceId":"Publisher","guard":"","showFilter":false,"showResourceActions":true,"showInDrawer":false,"hideActionHeader":false,"containerWidth":1,"layout":null,"variant":"default","parent":null,"hasHandler":true,"custom":{}},{"name":"delete","actionType":"record","icon":"Trash2","label":"delete","resourceId":"Publisher","guard":"confirmDelete","showFilter":false,"showResourceActions":true,"component":false,"showInDrawer":false,"hideActionHeader":false,"containerWidth":1,"layout":null,"variant":"danger","parent":null,"hasHandler":true,"custom":{}}],"bulkActions":[{"name":"bulkDelete","actionType":"bulk","icon":"Trash2","label":"bulkDelete","resourceId":"Publisher","guard":"","showFilter":false,"showResourceActions":true,"showInDrawer":true,"hideActionHeader":false,"containerWidth":"500px","layout":null,"variant":"danger","parent":null,"hasHandler":true,"custom":{}}]}},"baseError":null,"errors":{},"id":30,"title":"xPeke","recordActions":[{"name":"show","actionType":"record","icon":"Monitor","label":"show","resourceId":"Post","guard":"","showFilter":false,"showResourceActions":true,"showInDrawer":false,"hideActionHeader":false,"containerWidth":1,"layout":null,"variant":"default","parent":null,"hasHandler":true,"custom":{}},{"name":"edit","actionType":"record","icon":"Edit","label":"edit","resourceId":"Post","guard":"","showFilter":false,"showResourceActions":true,"showInDrawer":false,"hideActionHeader":false,"containerWidth":1,"layout":null,"variant":"default","parent":null,"hasHandler":true,"custom":{}},{"name":"delete","actionType":"record","icon":"Trash2","label":"delete","resourceId":"Post","guard":"confirmDelete","showFilter":false,"showResourceActions":true,"component":false,"showInDrawer":false,"hideActionHeader":false,"containerWidth":1,"layout":null,"variant":"danger","parent":null,"hasHandler":true,"custom":{}}],"bulkActions":[{"name":"bulkDelete","actionType":"bulk","icon":"Trash2","label":"bulkDelete","resourceId":"Post","guard":"","showFilter":false,"showResourceActions":true,"showInDrawer":true,"hideActionHeader":false,"containerWidth":"500px","layout":null,"variant":"danger","parent":null,"hasHandler":true,"custom":{}}]}}
]]></system-out>
  </testcase>
  <testcase name="validatePostStatus" classname="tests.ApiTests" time="0.108">
    <system-out><![CDATA[Post current status: REMOVED
]]></system-out>
  </testcase>
</testsuite>